Command line:
   helloworld_top_tb_isim_beh.exe
     -simmode  gui
     -simrunnum  0
     -socket  49468

Mon Feb 05 11:29:00 2018


 Elaboration Time: 0.093601 sec

 Current Memory Usage: 667.464 Meg

 Total Signals          : 18
 Total Nets             : 18
 Total Signal Drivers   : 9
 Total Blocks           : 3
 Total Primitive Blocks : 2
 Total Processes        : 12
 Total Traceable Variables  : 22
 Total Scalar Nets and Variables : 102
Total Line Count : 37

 Total Simulation Time: 0.109201 sec

 Current Memory Usage: 667.464 Meg

Mon Feb 05 11:29:26 2018

