Release 14.7 - xst P.20131013 (lin64)
Copyright (c) 1995-2013 Xilinx, Inc.  All rights reserved.
--> 
Parameter TMPDIR set to xst/projnav.tmp


Total REAL time to Xst completion: 1.00 secs
Total CPU time to Xst completion: 0.11 secs
 
--> 
Parameter xsthdpdir set to xst


Total REAL time to Xst completion: 1.00 secs
Total CPU time to Xst completion: 0.11 secs
 
--> 
Reading design: jc2_top.prj

TABLE OF CONTENTS
  1) Synthesis Options Summary
  2) HDL Compilation
  3) Design Hierarchy Analysis
  4) HDL Analysis
  5) HDL Synthesis
     5.1) HDL Synthesis Report
  6) Advanced HDL Synthesis
     6.1) Advanced HDL Synthesis Report
  7) Low Level Synthesis
  8) Partition Report
  9) Final Report

=========================================================================
*                      Synthesis Options Summary                        *
=========================================================================
---- Source Parameters
Input File Name                    : "jc2_top.prj"
Input Format                       : mixed
Ignore Synthesis Constraint File   : NO

---- Target Parameters
Output File Name                   : "jc2_top"
Output Format                      : NGC
Target Device                      : XC9500XL CPLDs

---- Source Options
Top Module Name                    : jc2_top
Automatic FSM Extraction           : YES
FSM Encoding Algorithm             : Auto
Safe Implementation                : No
Mux Extraction                     : Yes
Resource Sharing                   : YES

---- Target Options
Add IO Buffers                     : YES
MACRO Preserve                     : YES
XOR Preserve                       : YES
Equivalent register Removal        : YES

---- General Options
Optimization Goal                  : Speed
Optimization Effort                : 1
Keep Hierarchy                     : Yes
Netlist Hierarchy                  : As_Optimized
RTL Output                         : Yes
Hierarchy Separator                : /
Bus Delimiter                      : <>
Case Specifier                     : Maintain
Verilog 2001                       : YES

---- Other Options
Clock Enable                       : YES
wysiwyg                            : NO

=========================================================================


=========================================================================
*                          HDL Compilation                              *
=========================================================================
Compiling vhdl file "/media/jimmy/Passport/Programs/XilinxLinux/14.7/ISE_DS/project0/jc2_sch/jc2_top.vhf" in Library work.
Architecture behavioral of Entity buf4_mxilinx_jc2_top is up to date.
Architecture behavioral of Entity fdc_mxilinx_jc2_top is up to date.
Architecture behavioral of Entity fjkc_mxilinx_jc2_top is up to date.
Architecture behavioral of Entity m2_1_mxilinx_jc2_top is up to date.
Architecture behavioral of Entity sr4cled_mxilinx_jc2_top is up to date.
Architecture behavioral of Entity jc2_top is up to date.

=========================================================================
*                     Design Hierarchy Analysis                         *
=========================================================================
Analyzing hierarchy for entity <jc2_top> in library <work> (architecture <behavioral>).

Analyzing hierarchy for entity <FJKC_MXILINX_jc2_top> in library <work> (architecture <behavioral>) with generics.
	INIT = '0'

Analyzing hierarchy for entity <SR4CLED_MXILINX_jc2_top> in library <work> (architecture <behavioral>).

Analyzing hierarchy for entity <BUF4_MXILINX_jc2_top> in library <work> (architecture <behavioral>).

Analyzing hierarchy for entity <FDC_MXILINX_jc2_top> in library <work> (architecture <behavioral>) with generics.
	INIT = '0'

Analyzing hierarchy for entity <M2_1_MXILINX_jc2_top> in library <work> (architecture <behavioral>).


=========================================================================
*                            HDL Analysis                               *
=========================================================================
Analyzing Entity <jc2_top> in library <work> (Architecture <behavioral>).
    Set user-defined property "HU_SET =  dir_reg1_11" for instance <dir_reg1> in unit <jc2_top>.
    Set user-defined property "HU_SET =  jcounter_9" for instance <jcounter> in unit <jc2_top>.
    Set user-defined property "HU_SET =  run_reg_10" for instance <run_reg> in unit <jc2_top>.
    Set user-defined property "HU_SET =  XLXI_1_12" for instance <XLXI_1> in unit <jc2_top>.
Entity <jc2_top> analyzed. Unit <jc2_top> generated.

Analyzing generic Entity <FJKC_MXILINX_jc2_top> in library <work> (Architecture <behavioral>).
	INIT = '0'
    Set user-defined property "HU_SET =  I_36_32_0" for instance <I_36_32> in unit <FJKC_MXILINX_jc2_top>.
Entity <FJKC_MXILINX_jc2_top> analyzed. Unit <FJKC_MXILINX_jc2_top> generated.

Analyzing generic Entity <FDC_MXILINX_jc2_top> in library <work> (Architecture <behavioral>).
	INIT = '0'
    Set user-defined property "INIT =  0" for instance <U0> in unit <FDC_MXILINX_jc2_top>.
Entity <FDC_MXILINX_jc2_top> analyzed. Unit <FDC_MXILINX_jc2_top> generated.

Analyzing Entity <SR4CLED_MXILINX_jc2_top> in library <work> (Architecture <behavioral>).
    Set user-defined property "HU_SET =  UL0_3" for instance <UL0> in unit <SR4CLED_MXILINX_jc2_top>.
    Set user-defined property "HU_SET =  UL1_2" for instance <UL1> in unit <SR4CLED_MXILINX_jc2_top>.
    Set user-defined property "HU_SET =  UL2_1" for instance <UL2> in unit <SR4CLED_MXILINX_jc2_top>.
    Set user-defined property "HU_SET =  UL3_7" for instance <UL3> in unit <SR4CLED_MXILINX_jc2_top>.
    Set user-defined property "HU_SET =  UR0_4" for instance <UR0> in unit <SR4CLED_MXILINX_jc2_top>.
    Set user-defined property "HU_SET =  UR1_5" for instance <UR1> in unit <SR4CLED_MXILINX_jc2_top>.
    Set user-defined property "HU_SET =  UR2_6" for instance <UR2> in unit <SR4CLED_MXILINX_jc2_top>.
    Set user-defined property "HU_SET =  UR3_8" for instance <UR3> in unit <SR4CLED_MXILINX_jc2_top>.
    Set user-defined property "INIT =  0" for instance <U0> in unit <SR4CLED_MXILINX_jc2_top>.
    Set user-defined property "INIT =  0" for instance <U1> in unit <SR4CLED_MXILINX_jc2_top>.
    Set user-defined property "INIT =  0" for instance <U2> in unit <SR4CLED_MXILINX_jc2_top>.
    Set user-defined property "INIT =  0" for instance <U3> in unit <SR4CLED_MXILINX_jc2_top>.
Entity <SR4CLED_MXILINX_jc2_top> analyzed. Unit <SR4CLED_MXILINX_jc2_top> generated.

Analyzing Entity <M2_1_MXILINX_jc2_top> in library <work> (Architecture <behavioral>).
Entity <M2_1_MXILINX_jc2_top> analyzed. Unit <M2_1_MXILINX_jc2_top> generated.

Analyzing Entity <BUF4_MXILINX_jc2_top> in library <work> (Architecture <behavioral>).
Entity <BUF4_MXILINX_jc2_top> analyzed. Unit <BUF4_MXILINX_jc2_top> generated.


=========================================================================
*                           HDL Synthesis                               *
=========================================================================

Performing bidirectional port resolution...

Synthesizing Unit <BUF4_MXILINX_jc2_top>.
    Related source file is "/media/jimmy/Passport/Programs/XilinxLinux/14.7/ISE_DS/project0/jc2_sch/jc2_top.vhf".
Unit <BUF4_MXILINX_jc2_top> synthesized.


Synthesizing Unit <FDC_MXILINX_jc2_top>.
    Related source file is "/media/jimmy/Passport/Programs/XilinxLinux/14.7/ISE_DS/project0/jc2_sch/jc2_top.vhf".
Unit <FDC_MXILINX_jc2_top> synthesized.


Synthesizing Unit <M2_1_MXILINX_jc2_top>.
    Related source file is "/media/jimmy/Passport/Programs/XilinxLinux/14.7/ISE_DS/project0/jc2_sch/jc2_top.vhf".
Unit <M2_1_MXILINX_jc2_top> synthesized.


Synthesizing Unit <FJKC_MXILINX_jc2_top>.
    Related source file is "/media/jimmy/Passport/Programs/XilinxLinux/14.7/ISE_DS/project0/jc2_sch/jc2_top.vhf".
Unit <FJKC_MXILINX_jc2_top> synthesized.


Synthesizing Unit <SR4CLED_MXILINX_jc2_top>.
    Related source file is "/media/jimmy/Passport/Programs/XilinxLinux/14.7/ISE_DS/project0/jc2_sch/jc2_top.vhf".
Unit <SR4CLED_MXILINX_jc2_top> synthesized.


Synthesizing Unit <jc2_top>.
    Related source file is "/media/jimmy/Passport/Programs/XilinxLinux/14.7/ISE_DS/project0/jc2_sch/jc2_top.vhf".
Unit <jc2_top> synthesized.


=========================================================================
HDL Synthesis Report

Found no macro
=========================================================================

=========================================================================
*                       Advanced HDL Synthesis                          *
=========================================================================


=========================================================================
Advanced HDL Synthesis Report

Macro Statistics
# Registers                                            : 6
 Flip-Flops                                            : 6

=========================================================================

=========================================================================
*                         Low Level Synthesis                           *
=========================================================================

Optimizing unit <jc2_top> ...

Optimizing unit <BUF4_MXILINX_jc2_top> ...

Optimizing unit <FDC_MXILINX_jc2_top> ...
  implementation constraint: INIT=0	 : U0

Optimizing unit <M2_1_MXILINX_jc2_top> ...

Optimizing unit <FJKC_MXILINX_jc2_top> ...

Optimizing unit <SR4CLED_MXILINX_jc2_top> ...
  implementation constraint: INIT=0	 : U0
  implementation constraint: INIT=0	 : U1
  implementation constraint: INIT=0	 : U2
  implementation constraint: INIT=0	 : U3

=========================================================================
*                           Partition Report                            *
=========================================================================

Partition Implementation Status
-------------------------------

  No Partitions were found in this design.

-------------------------------

=========================================================================
*                            Final Report                               *
=========================================================================
Final Results
RTL Top Level Output File Name     : jc2_top.ngr
Top Level Output File Name         : jc2_top
Output Format                      : NGC
Optimization Goal                  : Speed
Keep Hierarchy                     : Yes
Target Technology                  : XC9500XL CPLDs
Macro Preserve                     : YES
XOR Preserve                       : YES
Clock Enable                       : YES
wysiwyg                            : NO

Design Statistics
# IOs                              : 8

Cell Usage :
# BELS                             : 32
#      AND2                        : 8
#      BUF                         : 4
#      GND                         : 3
#      INV                         : 5
#      OR2                         : 10
#      OR3                         : 2
# FlipFlops/Latches                : 6
#      FDCE                        : 4
#      FDCP                        : 2
# IO Buffers                       : 8
#      IBUF                        : 4
#      OBUF                        : 4
# Others                           : 15
#      AND2B1                      : 10
#      AND3B1                      : 2
#      AND3B2                      : 2
#      OR2B2                       : 1
=========================================================================


Total REAL time to Xst completion: 17.00 secs
Total CPU time to Xst completion: 13.75 secs
 
--> 


Total memory usage is 530612 kilobytes

Number of errors   :    0 (   0 filtered)
Number of warnings :    0 (   0 filtered)
Number of infos    :    0 (   0 filtered)

