#-----------------------------------------------------------
# PlanAhead v14.7 (64-bit)
# Build 321239 by xbuild on Fri Sep 27 19:29:51 MDT 2013
# Start of session at: Fri Dec 15 13:54:13 2017
# Process ID: 5224
# Log file: U:/Desktop/XilinxProject/my_usb/planAhead_run_2/planAhead.log
# Journal file: U:/Desktop/XilinxProject/my_usb/planAhead_run_2/planAhead.jou
#-----------------------------------------------------------
INFO: [Common 17-78] Attempting to get a license: PlanAhead
INFO: [Common 17-290] Got license for PlanAhead
INFO: [Common 17-86] Your PlanAhead license expires in -1414 day(s)
INFO: [Device 21-36] Loading parts and site information from C:/Xilinx/14.7/ISE_DS/PlanAhead/data/parts/arch.xml
Parsing RTL primitives file [C:/Xilinx/14.7/ISE_DS/PlanAhead/data/parts/xilinx/rtl/prims/rtl_prims.xml]
Finished parsing RTL primitives file [C:/Xilinx/14.7/ISE_DS/PlanAhead/data/parts/xilinx/rtl/prims/rtl_prims.xml]
start_gui
source U:/Desktop/XilinxProject/my_usb/pa.fromHdl.tcl
# create_project -name my_usb -dir "U:/Desktop/XilinxProject/my_usb/planAhead_run_2" -part xc6slx16csg324-2
# set_param project.pinAheadLayout yes
# set srcset [get_property srcset [current_run -impl]]
# set_property target_constrs_file "Nexys3_master.ucf" [current_fileset -constrset]
Adding file 'U:/Desktop/XilinxProject/my_usb/Nexys3_master.ucf' to fileset 'constrs_1'
# set hdlfile [add_files [list {counter.v}]]
# set_property file_type Verilog $hdlfile
# set_property library work $hdlfile
# set_property top counter $srcset
# add_files [list {Nexys3_master.ucf}] -fileset [get_property constrset [current_run]]
# open_rtl_design -part xc6slx16csg324-2
Using Verific elaboration
Parsing VHDL file "C:/Xilinx/14.7/ISE_DS/PlanAhead/data/parts/xilinx/rtl/lib/synplify/synattr.vhd" into library synplify
Analyzing Verilog file "U:/Desktop/XilinxProject/my_usb/counter.v" into library work
Loading clock regions from C:/Xilinx/14.7/ISE_DS/PlanAhead/data\parts/xilinx/spartan6/spartan6lx/xc6slx16/ClockRegion.xml
Loading clock buffers from C:/Xilinx/14.7/ISE_DS/PlanAhead/data\parts/xilinx/spartan6/spartan6lx/xc6slx16/ClockBuffers.xml
Loading package pin functions from C:/Xilinx/14.7/ISE_DS/PlanAhead/data\parts/xilinx/spartan6/PinFunctions.xml...
Loading package from C:/Xilinx/14.7/ISE_DS/PlanAhead/data\parts/xilinx/spartan6/spartan6lx/xc6slx16/csg324/Package.xml
Loading io standards from C:/Xilinx/14.7/ISE_DS/PlanAhead/data\./parts/xilinx/spartan6/IOStandards.xml
Loading device configuration modes from C:/Xilinx/14.7/ISE_DS/PlanAhead/data\parts/xilinx/spartan6/ConfigModes.xml
Loading list of drcs for the architecture : C:/Xilinx/14.7/ISE_DS/PlanAhead/data\./parts/xilinx/spartan6/drc.xml
Parsing UCF File [U:/Desktop/XilinxProject/my_usb/Nexys3_master.ucf]
Finished Parsing UCF File [U:/Desktop/XilinxProject/my_usb/Nexys3_master.ucf]
INFO: [Project 1-111] Unisim Transformation Summary:
No Unisim elements were transformed.

Phase 0 | Netlist Checksum: 7aaf39fb
open_rtl_design: Time (s): elapsed = 00:00:08 . Memory (MB): peak = 627.855 ; gain = 192.789
update_compile_order -fileset sim_1
startgroup
set_property package_pin J13 [get_ports PS2KeyboardData]
endgroup
startgroup
set_property package_pin V3 [get_ports clk]
endgroup
startgroup
set_property package_pin V4 [get_ports clk]
endgroup
startgroup
set_property package_pin U3 [get_ports clk]
endgroup
exit
ERROR: [PlanAhead 12-106] *** Exception: ui.h.b: Found deleted key in HTclEventBroker. Verify if the classes listed here call cleanup()
HTclEvent: SIGNAL_MODIFY   Classes: ui.views.aR 
HTclEvent: DEBUG_PORT_CONFIG_CHANGE   Classes: ui.views.aR 
HTclEvent: DEBUG_CORE_CONFIG_CHANGE   Classes: ui.views.aR 
HTclEvent: SIGNAL_BUS_MODIFY   Classes: ui.views.aR 
 (See U:/Desktop/XilinxProject/my_usb\planAhead_pid5224.debug)
ERROR: [Common 17-39] 'stop_gui' failed due to earlier errors.
INFO: [Common 17-206] Exiting PlanAhead at Fri Dec 15 14:00:37 2017...
INFO: [Common 17-83] Releasing license: PlanAhead
