Command line:
   Memory_isim_beh.exe
     -simmode  gui
     -simrunnum  0
     -socket  52993

Wed Jan 31 14:31:03 2018


 Elaboration Time: 0.0936 sec

 Current Memory Usage: 667.468 Meg

 Total Signals          : 18
 Total Nets             : 32
 Total Signal Drivers   : 8
 Total Blocks           : 2
 Total Primitive Blocks : 2
 Total Processes        : 12
 Total Traceable Variables  : 27
 Total Scalar Nets and Variables : 194
Total Line Count : 77

 Total Simulation Time: 0.358802 sec

 Current Memory Usage: 982.041 Meg

Wed Jan 31 14:31:38 2018

