--------------------------------------------------------------------------------
Release 14.7 Trace  (nt64)
Copyright (c) 1995-2013 Xilinx, Inc.  All rights reserved.

C:\Xilinx\14.7\ISE_DS\ISE\bin\nt64\unwrapped\trce.exe -intstyle ise -v 3 -s 2
-n 3 -fastpaths -xml counter.twx counter.ncd -o counter.twr counter.pcf -ucf
Nexys3_master.ucf

Design file:              counter.ncd
Physical constraint file: counter.pcf
Device,package,speed:     xc6slx16,csg324,C,-2 (PRODUCTION 1.23 2013-10-13)
Report level:             verbose report

Environment Variable      Effect 
--------------------      ------ 
NONE                      No environment variables were set
--------------------------------------------------------------------------------

INFO:Timing:3412 - To improve timing, see the Timing Closure User Guide (UG612).
INFO:Timing:2752 - To get complete path coverage, use the unconstrained paths 
   option. All paths that are not constrained will be reported in the 
   unconstrained paths section(s) of the report.
INFO:Timing:3339 - The clock-to-out numbers in this timing report are based on 
   a 50 Ohm transmission line loading model.  For the details of this model, 
   and for more information on accounting for different loading conditions, 
   please see the device datasheet.

================================================================================
Timing constraint: TS_sys_clk_pin = PERIOD TIMEGRP "sys_clk_pin" 100 MHz HIGH 
50%;
For more information, see Period Analysis in the Timing Closure User Guide (UG612).

 2 paths analyzed, 2 endpoints analyzed, 0 failing endpoints
 0 timing errors detected. (0 setup errors, 0 hold errors, 0 component switching limit errors)
 Minimum period is   2.666ns.
--------------------------------------------------------------------------------

Paths for end point seg_1 (SLICE_X25Y3.B5), 1 path
--------------------------------------------------------------------------------
Slack (setup path):     8.913ns (requirement - (data path - clock path skew + uncertainty))
  Source:               seg_1 (FF)
  Destination:          seg_1 (FF)
  Requirement:          10.000ns
  Data Path Delay:      1.052ns (Levels of Logic = 1)
  Clock Path Skew:      0.000ns
  Source Clock:         clk_BUFGP rising at 0.000ns
  Destination Clock:    clk_BUFGP rising at 10.000ns
  Clock Uncertainty:    0.035ns

  Clock Uncertainty:          0.035ns  ((TSJ^2 + TIJ^2)^1/2 + DJ) / 2 + PE
    Total System Jitter (TSJ):  0.070ns
    Total Input Jitter (TIJ):   0.000ns
    Discrete Jitter (DJ):       0.000ns
    Phase Error (PE):           0.000ns

  Maximum Data Path at Slow Process Corner: seg_1 to seg_1
    Location             Delay type         Delay(ns)  Physical Resource
                                                       Logical Resource(s)
    -------------------------------------------------  -------------------
    SLICE_X25Y3.BQ       Tcko                  0.430   seg_1
                                                       seg_1
    SLICE_X25Y3.B5       net (fanout=5)        0.249   seg_1
    SLICE_X25Y3.CLK      Tas                   0.373   seg_1
                                                       seg_1_glue_set
                                                       seg_1
    -------------------------------------------------  ---------------------------
    Total                                      1.052ns (0.803ns logic, 0.249ns route)
                                                       (76.3% logic, 23.7% route)

--------------------------------------------------------------------------------

Paths for end point seg_0 (SLICE_X25Y3.A6), 1 path
--------------------------------------------------------------------------------
Slack (setup path):     9.005ns (requirement - (data path - clock path skew + uncertainty))
  Source:               seg_0 (FF)
  Destination:          seg_0 (FF)
  Requirement:          10.000ns
  Data Path Delay:      0.960ns (Levels of Logic = 1)
  Clock Path Skew:      0.000ns
  Source Clock:         clk_BUFGP rising at 0.000ns
  Destination Clock:    clk_BUFGP rising at 10.000ns
  Clock Uncertainty:    0.035ns

  Clock Uncertainty:          0.035ns  ((TSJ^2 + TIJ^2)^1/2 + DJ) / 2 + PE
    Total System Jitter (TSJ):  0.070ns
    Total Input Jitter (TIJ):   0.000ns
    Discrete Jitter (DJ):       0.000ns
    Phase Error (PE):           0.000ns

  Maximum Data Path at Slow Process Corner: seg_0 to seg_0
    Location             Delay type         Delay(ns)  Physical Resource
                                                       Logical Resource(s)
    -------------------------------------------------  -------------------
    SLICE_X25Y3.AQ       Tcko                  0.430   seg_1
                                                       seg_0
    SLICE_X25Y3.A6       net (fanout=5)        0.157   seg_0
    SLICE_X25Y3.CLK      Tas                   0.373   seg_1
                                                       seg_0_glue_set
                                                       seg_0
    -------------------------------------------------  ---------------------------
    Total                                      0.960ns (0.803ns logic, 0.157ns route)
                                                       (83.6% logic, 16.4% route)

--------------------------------------------------------------------------------

Hold Paths: TS_sys_clk_pin = PERIOD TIMEGRP "sys_clk_pin" 100 MHz HIGH 50%;
--------------------------------------------------------------------------------

Paths for end point seg_0 (SLICE_X25Y3.A6), 1 path
--------------------------------------------------------------------------------
Slack (hold path):      0.441ns (requirement - (clock path skew + uncertainty - data path))
  Source:               seg_0 (FF)
  Destination:          seg_0 (FF)
  Requirement:          0.000ns
  Data Path Delay:      0.441ns (Levels of Logic = 1)
  Clock Path Skew:      0.000ns
  Source Clock:         clk_BUFGP rising at 10.000ns
  Destination Clock:    clk_BUFGP rising at 10.000ns
  Clock Uncertainty:    0.000ns

  Minimum Data Path at Fast Process Corner: seg_0 to seg_0
    Location             Delay type         Delay(ns)  Physical Resource
                                                       Logical Resource(s)
    -------------------------------------------------  -------------------
    SLICE_X25Y3.AQ       Tcko                  0.198   seg_1
                                                       seg_0
    SLICE_X25Y3.A6       net (fanout=5)        0.028   seg_0
    SLICE_X25Y3.CLK      Tah         (-Th)    -0.215   seg_1
                                                       seg_0_glue_set
                                                       seg_0
    -------------------------------------------------  ---------------------------
    Total                                      0.441ns (0.413ns logic, 0.028ns route)
                                                       (93.7% logic, 6.3% route)

--------------------------------------------------------------------------------

Paths for end point seg_1 (SLICE_X25Y3.B5), 1 path
--------------------------------------------------------------------------------
Slack (hold path):      0.491ns (requirement - (clock path skew + uncertainty - data path))
  Source:               seg_1 (FF)
  Destination:          seg_1 (FF)
  Requirement:          0.000ns
  Data Path Delay:      0.491ns (Levels of Logic = 1)
  Clock Path Skew:      0.000ns
  Source Clock:         clk_BUFGP rising at 10.000ns
  Destination Clock:    clk_BUFGP rising at 10.000ns
  Clock Uncertainty:    0.000ns

  Minimum Data Path at Fast Process Corner: seg_1 to seg_1
    Location             Delay type         Delay(ns)  Physical Resource
                                                       Logical Resource(s)
    -------------------------------------------------  -------------------
    SLICE_X25Y3.BQ       Tcko                  0.198   seg_1
                                                       seg_1
    SLICE_X25Y3.B5       net (fanout=5)        0.078   seg_1
    SLICE_X25Y3.CLK      Tah         (-Th)    -0.215   seg_1
                                                       seg_1_glue_set
                                                       seg_1
    -------------------------------------------------  ---------------------------
    Total                                      0.491ns (0.413ns logic, 0.078ns route)
                                                       (84.1% logic, 15.9% route)

--------------------------------------------------------------------------------

Component Switching Limit Checks: TS_sys_clk_pin = PERIOD TIMEGRP "sys_clk_pin" 100 MHz HIGH 50%;
--------------------------------------------------------------------------------
Slack: 7.334ns (period - min period limit)
  Period: 10.000ns
  Min period limit: 2.666ns (375.094MHz) (Tbcper_I)
  Physical resource: clk_BUFGP/BUFG/I0
  Logical resource: clk_BUFGP/BUFG/I0
  Location pin: BUFGMUX_X3Y13.I0
  Clock network: clk_BUFGP/IBUFG
--------------------------------------------------------------------------------
Slack: 9.530ns (period - min period limit)
  Period: 10.000ns
  Min period limit: 0.470ns (2127.660MHz) (Tcp)
  Physical resource: seg_1/CLK
  Logical resource: seg_0/CK
  Location pin: SLICE_X25Y3.CLK
  Clock network: clk_BUFGP
--------------------------------------------------------------------------------
Slack: 9.530ns (period - min period limit)
  Period: 10.000ns
  Min period limit: 0.470ns (2127.660MHz) (Tcp)
  Physical resource: seg_1/CLK
  Logical resource: seg_1/CK
  Location pin: SLICE_X25Y3.CLK
  Clock network: clk_BUFGP
--------------------------------------------------------------------------------


All constraints were met.


Data Sheet report:
-----------------
All values displayed in nanoseconds (ns)

Clock to Setup on destination clock clk
---------------+---------+---------+---------+---------+
               | Src:Rise| Src:Fall| Src:Rise| Src:Fall|
Source Clock   |Dest:Rise|Dest:Rise|Dest:Fall|Dest:Fall|
---------------+---------+---------+---------+---------+
clk            |    1.087|         |         |         |
---------------+---------+---------+---------+---------+


Timing summary:
---------------

Timing errors: 0  Score: 0  (Setup/Max: 0, Hold: 0)

Constraints cover 2 paths, 0 nets, and 4 connections

Design statistics:
   Minimum period:   2.666ns{1}   (Maximum frequency: 375.094MHz)


------------------------------------Footnotes-----------------------------------
1)  The minimum period statistic assumes all single cycle delays.

Analysis completed Fri Dec 15 14:43:37 2017 
--------------------------------------------------------------------------------

Trace Settings:
-------------------------
Trace Settings 

Peak Memory Usage: 218 MB



