Running: C:\Xilinx\14.7\ISE_DS\ISE\bin\nt64\unwrapped\fuse.exe -intstyle ise -incremental -lib unisims_ver -lib unimacro_ver -lib xilinxcorelib_ver -lib secureip -o C:/Users/root/Desktop/USB_Research/LFSR/LFSR_TOP_TEST_isim_beh.exe -prj C:/Users/root/Desktop/USB_Research/LFSR/LFSR_TOP_TEST_beh.prj work.LFSR_TOP_TEST work.glbl 
ISim P.20131013 (signature 0x7708f090)
Number of CPUs detected in this system: 2
Turning on mult-threading, number of parallel sub-compilation jobs: 4 
Determining compilation order of HDL files
Analyzing Verilog file "C:/Users/root/Desktop/USB_Research/LFSR/Clock_Divider.v" into library work
WARNING:HDLCompiler:248 - "C:/Users/root/Desktop/USB_Research/LFSR/Clock_Divider.v" Line 34: Block identifier is required on this block
Analyzing Verilog file "C:/Users/root/Desktop/USB_Research/LFSR/LFSR_TOP.v" into library work
Analyzing Verilog file "C:/Users/root/Desktop/USB_Research/LFSR/LFSR_TOP_TEST.v" into library work
Analyzing Verilog file "C:/Xilinx/14.7/ISE_DS/ISE//verilog/src/glbl.v" into library work
Starting static elaboration
Completed static elaboration
Compiling module Clock_Divider
Compiling module LFSR_TOP
Compiling module LFSR_TOP_TEST
Compiling module glbl
Time Resolution for simulation is 1ps.
Waiting for 1 sub-compilation(s) to finish...
Compiled 4 Verilog Units
Built simulation executable C:/Users/root/Desktop/USB_Research/LFSR/LFSR_TOP_TEST_isim_beh.exe
Fuse Memory Usage: 27308 KB
Fuse CPU Usage: 795 ms
