Release 14.7 - ngc2edif P.20131013 (nt64)
Copyright (c) 1995-2013 Xilinx, Inc.  All rights reserved.
Reading design Nexys3_USB_Interface.ngc ...
WARNING:NetListWriters:298 - No output is written to Nexys3_USB_Interface.xncf,
   ignored.
Processing design ...
   Preping design's networks ...
   Preping design's macros ...
WARNING:NetListWriters:306 - Signal bus usb/cfg<13 : 0> on block
   Nexys3_USB_Interface is not reconstructed, because there are some missing bus
   signals.
WARNING:NetListWriters:306 - Signal bus usb/u1/u0/crc16_out<15 : 0> on block
   Nexys3_USB_Interface is not reconstructed, because there are some missing bus
   signals.
WARNING:NetListWriters:306 - Signal bus
   usb/u1/u3/tr_fr_d[1]_GND_17_o_select_83_OUT<2 : 0> on block
   Nexys3_USB_Interface is not reconstructed, because there are some missing bus
   signals.
WARNING:NetListWriters:306 - Signal bus
   usb/u1/u3/tr_fr_d[1]_GND_17_o_select_119_OUT<2 : 0> on block
   Nexys3_USB_Interface is not reconstructed, because there are some missing bus
   signals.
WARNING:NetListWriters:306 - Signal bus usb/u1/u1/crc16_next<15 : 0> on block
   Nexys3_USB_Interface is not reconstructed, because there are some missing bus
   signals.
  finished :Prep
Writing EDIF netlist file Nexys3_USB_Interface.edif ...
ngc2edif: Total memory usage is 76500 kilobytes

Release 14.7 - ngc2edif P.20131013 (nt64)
Copyright (c) 1995-2013 Xilinx, Inc.  All rights reserved.
Reading design Nexys3_USB_Interface.ngc ...
WARNING:NetListWriters:298 - No output is written to Nexys3_USB_Interface.xncf,
   ignored.
Processing design ...
   Preping design's networks ...
   Preping design's macros ...
  finished :Prep
Writing EDIF netlist file Nexys3_USB_Interface.edif ...
ngc2edif: Total memory usage is 79288 kilobytes

