--------------------------------------------------------------------------------
Release 14.7 Trace  (nt64)
Copyright (c) 1995-2013 Xilinx, Inc.  All rights reserved.

C:\Xilinx\14.7\ISE_DS\ISE\bin\nt64\unwrapped\trce.exe -intstyle ise -v 3 -s 2
-n 3 -fastpaths -xml usb1_top.twx usb1_top.ncd -o usb1_top.twr usb1_top.pcf

Design file:              usb1_top.ncd
Physical constraint file: usb1_top.pcf
Device,package,speed:     xc6slx16,csg324,C,-2 (PRODUCTION 1.23 2013-10-13)
Report level:             verbose report

Environment Variable      Effect 
--------------------      ------ 
NONE                      No environment variables were set
--------------------------------------------------------------------------------

INFO:Timing:2698 - No timing constraints found, doing default enumeration.
INFO:Timing:3412 - To improve timing, see the Timing Closure User Guide (UG612).
INFO:Timing:2752 - To get complete path coverage, use the unconstrained paths 
   option. All paths that are not constrained will be reported in the 
   unconstrained paths section(s) of the report.
INFO:Timing:3339 - The clock-to-out numbers in this timing report are based on 
   a 50 Ohm transmission line loading model.  For the details of this model, 
   and for more information on accounting for different loading conditions, 
   please see the device datasheet.



Data Sheet report:
-----------------
All values displayed in nanoseconds (ns)

Setup/Hold to clock clk_i
---------------+------------+------------+------------+------------+------------------+--------+
               |Max Setup to|  Process   |Max Hold to |  Process   |                  | Clock  |
Source         | clk (edge) |   Corner   | clk (edge) |   Corner   |Internal Clock(s) | Phase  |
---------------+------------+------------+------------+------------+------------------+--------+
clr_bulk       |    8.677(R)|      SLOW  |   -1.656(R)|      FAST  |clk_i_BUFGP       |   0.000|
clr_iso        |    8.164(R)|      SLOW  |   -1.826(R)|      FAST  |clk_i_BUFGP       |   0.000|
ep1_din<0>     |    5.829(R)|      SLOW  |   -2.874(R)|      FAST  |clk_i_BUFGP       |   0.000|
ep1_din<1>     |    5.909(R)|      SLOW  |   -2.860(R)|      FAST  |clk_i_BUFGP       |   0.000|
ep1_din<2>     |    5.876(R)|      SLOW  |   -2.853(R)|      FAST  |clk_i_BUFGP       |   0.000|
ep1_din<3>     |    5.783(R)|      SLOW  |   -2.853(R)|      FAST  |clk_i_BUFGP       |   0.000|
ep1_din<4>     |    6.216(R)|      SLOW  |   -3.167(R)|      FAST  |clk_i_BUFGP       |   0.000|
ep1_din<5>     |    5.686(R)|      SLOW  |   -2.796(R)|      FAST  |clk_i_BUFGP       |   0.000|
ep1_din<6>     |    5.707(R)|      SLOW  |   -2.763(R)|      FAST  |clk_i_BUFGP       |   0.000|
ep1_din<7>     |    5.725(R)|      SLOW  |   -2.812(R)|      FAST  |clk_i_BUFGP       |   0.000|
ep1_we         |    7.240(R)|      SLOW  |   -2.345(R)|      FAST  |clk_i_BUFGP       |   0.000|
ep2_re         |    5.268(R)|      SLOW  |   -1.353(R)|      FAST  |clk_i_BUFGP       |   0.000|
ep3_din<0>     |    3.968(R)|      SLOW  |   -1.707(R)|      FAST  |clk_i_BUFGP       |   0.000|
ep3_din<1>     |    4.070(R)|      SLOW  |   -1.726(R)|      FAST  |clk_i_BUFGP       |   0.000|
ep3_din<2>     |    3.619(R)|      SLOW  |   -1.477(R)|      FAST  |clk_i_BUFGP       |   0.000|
ep3_din<3>     |    3.878(R)|      SLOW  |   -1.584(R)|      FAST  |clk_i_BUFGP       |   0.000|
ep3_din<4>     |    3.895(R)|      SLOW  |   -1.662(R)|      FAST  |clk_i_BUFGP       |   0.000|
ep3_din<5>     |    3.677(R)|      SLOW  |   -1.518(R)|      FAST  |clk_i_BUFGP       |   0.000|
ep3_din<6>     |    4.551(R)|      SLOW  |   -2.005(R)|      FAST  |clk_i_BUFGP       |   0.000|
ep3_din<7>     |    3.813(R)|      SLOW  |   -1.556(R)|      FAST  |clk_i_BUFGP       |   0.000|
ep3_we         |    7.305(R)|      SLOW  |   -2.310(R)|      FAST  |clk_i_BUFGP       |   0.000|
ep4_re         |    6.813(R)|      SLOW  |   -2.163(R)|      FAST  |clk_i_BUFGP       |   0.000|
ep5_din<0>     |    3.400(R)|      SLOW  |   -1.569(R)|      FAST  |clk_i_BUFGP       |   0.000|
ep5_din<1>     |    3.845(R)|      SLOW  |   -1.824(R)|      FAST  |clk_i_BUFGP       |   0.000|
ep5_din<2>     |    3.567(R)|      SLOW  |   -1.651(R)|      FAST  |clk_i_BUFGP       |   0.000|
ep5_din<3>     |    3.829(R)|      SLOW  |   -1.808(R)|      FAST  |clk_i_BUFGP       |   0.000|
ep5_din<4>     |    3.514(R)|      SLOW  |   -1.599(R)|      FAST  |clk_i_BUFGP       |   0.000|
ep5_din<5>     |    3.541(R)|      SLOW  |   -1.572(R)|      FAST  |clk_i_BUFGP       |   0.000|
ep5_din<6>     |    3.566(R)|      SLOW  |   -1.607(R)|      FAST  |clk_i_BUFGP       |   0.000|
ep5_din<7>     |    3.559(R)|      SLOW  |   -1.525(R)|      FAST  |clk_i_BUFGP       |   0.000|
ep5_we         |    6.372(R)|      SLOW  |   -1.958(R)|      FAST  |clk_i_BUFGP       |   0.000|
loop           |    9.873(R)|      SLOW  |   -2.260(R)|      FAST  |clk_i_BUFGP       |   0.000|
phy_tx_mode    |    3.706(R)|      SLOW  |   -1.727(R)|      FAST  |clk_i_BUFGP       |   0.000|
rst_i          |    7.933(R)|      SLOW  |   -1.712(R)|      FAST  |clk_i_BUFGP       |   0.000|
rx_d           |    2.892(R)|      SLOW  |   -1.312(R)|      FAST  |clk_i_BUFGP       |   0.000|
rx_dn          |    2.854(R)|      SLOW  |   -1.304(R)|      FAST  |clk_i_BUFGP       |   0.000|
rx_dp          |    2.616(R)|      SLOW  |   -1.134(R)|      FAST  |clk_i_BUFGP       |   0.000|
vendor_data<0> |    2.137(R)|      SLOW  |   -0.797(R)|      FAST  |clk_i_BUFGP       |   0.000|
vendor_data<1> |    1.190(R)|      SLOW  |   -0.273(R)|      SLOW  |clk_i_BUFGP       |   0.000|
vendor_data<2> |    2.527(R)|      SLOW  |   -0.987(R)|      FAST  |clk_i_BUFGP       |   0.000|
vendor_data<3> |    2.760(R)|      SLOW  |   -1.208(R)|      FAST  |clk_i_BUFGP       |   0.000|
vendor_data<4> |    2.497(R)|      SLOW  |   -0.986(R)|      FAST  |clk_i_BUFGP       |   0.000|
vendor_data<5> |    2.372(R)|      SLOW  |   -0.992(R)|      FAST  |clk_i_BUFGP       |   0.000|
vendor_data<6> |    2.685(R)|      SLOW  |   -1.097(R)|      FAST  |clk_i_BUFGP       |   0.000|
vendor_data<7> |    2.083(R)|      SLOW  |   -0.817(R)|      FAST  |clk_i_BUFGP       |   0.000|
vendor_data<8> |    3.541(R)|      SLOW  |   -1.546(R)|      FAST  |clk_i_BUFGP       |   0.000|
vendor_data<9> |    2.468(R)|      SLOW  |   -1.075(R)|      FAST  |clk_i_BUFGP       |   0.000|
vendor_data<10>|    2.766(R)|      SLOW  |   -1.178(R)|      FAST  |clk_i_BUFGP       |   0.000|
vendor_data<11>|    2.870(R)|      SLOW  |   -1.354(R)|      FAST  |clk_i_BUFGP       |   0.000|
vendor_data<12>|    2.547(R)|      SLOW  |   -1.263(R)|      FAST  |clk_i_BUFGP       |   0.000|
vendor_data<13>|    2.894(R)|      SLOW  |   -1.373(R)|      FAST  |clk_i_BUFGP       |   0.000|
vendor_data<14>|    2.282(R)|      SLOW  |   -0.979(R)|      FAST  |clk_i_BUFGP       |   0.000|
vendor_data<15>|    2.483(R)|      SLOW  |   -1.051(R)|      FAST  |clk_i_BUFGP       |   0.000|
---------------+------------+------------+------------+------------+------------------+--------+

Clock clk_i to Pad
----------------+-----------------+------------+-----------------+------------+------------------+--------+
                |Max (slowest) clk|  Process   |Min (fastest) clk|  Process   |                  | Clock  |
Destination     |  (edge) to PAD  |   Corner   |  (edge) to PAD  |   Corner   |Internal Clock(s) | Phase  |
----------------+-----------------+------------+-----------------+------------+------------------+--------+
bulk_idle       |        11.407(R)|      SLOW  |         5.038(R)|      FAST  |clk_i_BUFGP       |   0.000|
crc16_err       |        14.712(R)|      SLOW  |         6.085(R)|      FAST  |clk_i_BUFGP       |   0.000|
dropped_frame   |        11.376(R)|      SLOW  |         5.090(R)|      FAST  |clk_i_BUFGP       |   0.000|
ep1_stat<0>     |        14.115(R)|      SLOW  |         5.586(R)|      FAST  |clk_i_BUFGP       |   0.000|
ep1_stat<1>     |        13.480(R)|      SLOW  |         5.391(R)|      FAST  |clk_i_BUFGP       |   0.000|
ep1_stat<2>     |        14.025(R)|      SLOW  |         5.814(R)|      FAST  |clk_i_BUFGP       |   0.000|
ep1_stat<3>     |        12.825(R)|      SLOW  |         5.761(R)|      FAST  |clk_i_BUFGP       |   0.000|
ep2_dout<0>     |        13.708(R)|      SLOW  |         6.558(R)|      FAST  |clk_i_BUFGP       |   0.000|
ep2_dout<1>     |        13.883(R)|      SLOW  |         6.696(R)|      FAST  |clk_i_BUFGP       |   0.000|
ep2_dout<2>     |        13.545(R)|      SLOW  |         6.466(R)|      FAST  |clk_i_BUFGP       |   0.000|
ep2_dout<3>     |        13.797(R)|      SLOW  |         6.634(R)|      FAST  |clk_i_BUFGP       |   0.000|
ep2_dout<4>     |        13.514(R)|      SLOW  |         6.440(R)|      FAST  |clk_i_BUFGP       |   0.000|
ep2_dout<5>     |        13.715(R)|      SLOW  |         6.567(R)|      FAST  |clk_i_BUFGP       |   0.000|
ep2_dout<6>     |        13.532(R)|      SLOW  |         6.479(R)|      FAST  |clk_i_BUFGP       |   0.000|
ep2_dout<7>     |        13.668(R)|      SLOW  |         6.542(R)|      FAST  |clk_i_BUFGP       |   0.000|
ep2_stat<0>     |        15.051(R)|      SLOW  |         5.717(R)|      FAST  |clk_i_BUFGP       |   0.000|
ep2_stat<1>     |        14.746(R)|      SLOW  |         5.249(R)|      FAST  |clk_i_BUFGP       |   0.000|
ep2_stat<2>     |        13.734(R)|      SLOW  |         5.493(R)|      FAST  |clk_i_BUFGP       |   0.000|
ep2_stat<3>     |        12.711(R)|      SLOW  |         5.408(R)|      FAST  |clk_i_BUFGP       |   0.000|
ep3_stat<0>     |        14.717(R)|      SLOW  |         5.187(R)|      FAST  |clk_i_BUFGP       |   0.000|
ep3_stat<1>     |        14.805(R)|      SLOW  |         5.225(R)|      FAST  |clk_i_BUFGP       |   0.000|
ep3_stat<2>     |        14.184(R)|      SLOW  |         5.424(R)|      FAST  |clk_i_BUFGP       |   0.000|
ep3_stat<3>     |        14.079(R)|      SLOW  |         5.347(R)|      FAST  |clk_i_BUFGP       |   0.000|
ep4_dout<0>     |        12.130(R)|      SLOW  |         5.496(R)|      FAST  |clk_i_BUFGP       |   0.000|
ep4_dout<1>     |        12.236(R)|      SLOW  |         5.573(R)|      FAST  |clk_i_BUFGP       |   0.000|
ep4_dout<2>     |        12.161(R)|      SLOW  |         5.512(R)|      FAST  |clk_i_BUFGP       |   0.000|
ep4_dout<3>     |        12.413(R)|      SLOW  |         5.656(R)|      FAST  |clk_i_BUFGP       |   0.000|
ep4_dout<4>     |        12.177(R)|      SLOW  |         5.521(R)|      FAST  |clk_i_BUFGP       |   0.000|
ep4_dout<5>     |        12.468(R)|      SLOW  |         5.689(R)|      FAST  |clk_i_BUFGP       |   0.000|
ep4_dout<6>     |        12.487(R)|      SLOW  |         5.699(R)|      FAST  |clk_i_BUFGP       |   0.000|
ep4_dout<7>     |        12.531(R)|      SLOW  |         5.745(R)|      FAST  |clk_i_BUFGP       |   0.000|
ep4_stat<0>     |        15.405(R)|      SLOW  |         6.151(R)|      FAST  |clk_i_BUFGP       |   0.000|
ep4_stat<1>     |        16.039(R)|      SLOW  |         6.244(R)|      FAST  |clk_i_BUFGP       |   0.000|
ep4_stat<2>     |        15.271(R)|      SLOW  |         5.642(R)|      FAST  |clk_i_BUFGP       |   0.000|
ep4_stat<3>     |        15.106(R)|      SLOW  |         5.733(R)|      FAST  |clk_i_BUFGP       |   0.000|
ep5_stat<0>     |        13.483(R)|      SLOW  |         5.114(R)|      FAST  |clk_i_BUFGP       |   0.000|
ep5_stat<1>     |        13.062(R)|      SLOW  |         5.021(R)|      FAST  |clk_i_BUFGP       |   0.000|
ep5_stat<2>     |        12.418(R)|      SLOW  |         4.981(R)|      FAST  |clk_i_BUFGP       |   0.000|
ep5_stat<3>     |        11.257(R)|      SLOW  |         4.776(R)|      FAST  |clk_i_BUFGP       |   0.000|
iso_idle        |        10.929(R)|      SLOW  |         4.811(R)|      FAST  |clk_i_BUFGP       |   0.000|
misaligned_frame|        11.212(R)|      SLOW  |         4.990(R)|      FAST  |clk_i_BUFGP       |   0.000|
tx_dn           |        10.978(R)|      SLOW  |         4.877(R)|      FAST  |clk_i_BUFGP       |   0.000|
tx_dp           |        10.296(R)|      SLOW  |         4.447(R)|      FAST  |clk_i_BUFGP       |   0.000|
tx_oe           |        11.488(R)|      SLOW  |         5.086(R)|      FAST  |clk_i_BUFGP       |   0.000|
usb_rst         |        10.960(R)|      SLOW  |         4.809(R)|      FAST  |clk_i_BUFGP       |   0.000|
v_set_feature   |        12.280(R)|      SLOW  |         5.557(R)|      FAST  |clk_i_BUFGP       |   0.000|
v_set_int       |        12.801(R)|      SLOW  |         5.875(R)|      FAST  |clk_i_BUFGP       |   0.000|
wIndex<0>       |         8.615(R)|      SLOW  |         3.448(R)|      FAST  |clk_i_BUFGP       |   0.000|
wIndex<1>       |         8.615(R)|      SLOW  |         3.448(R)|      FAST  |clk_i_BUFGP       |   0.000|
wIndex<2>       |         8.432(R)|      SLOW  |         3.361(R)|      FAST  |clk_i_BUFGP       |   0.000|
wIndex<3>       |         8.432(R)|      SLOW  |         3.361(R)|      FAST  |clk_i_BUFGP       |   0.000|
wIndex<4>       |         8.447(R)|      SLOW  |         3.337(R)|      FAST  |clk_i_BUFGP       |   0.000|
wIndex<5>       |         8.447(R)|      SLOW  |         3.337(R)|      FAST  |clk_i_BUFGP       |   0.000|
wIndex<6>       |         8.468(R)|      SLOW  |         3.368(R)|      FAST  |clk_i_BUFGP       |   0.000|
wIndex<7>       |         8.468(R)|      SLOW  |         3.368(R)|      FAST  |clk_i_BUFGP       |   0.000|
wIndex<8>       |         8.806(R)|      SLOW  |         3.563(R)|      FAST  |clk_i_BUFGP       |   0.000|
wIndex<9>       |         8.476(R)|      SLOW  |         3.384(R)|      FAST  |clk_i_BUFGP       |   0.000|
wIndex<10>      |         8.408(R)|      SLOW  |         3.342(R)|      FAST  |clk_i_BUFGP       |   0.000|
wIndex<11>      |         8.656(R)|      SLOW  |         3.477(R)|      FAST  |clk_i_BUFGP       |   0.000|
wIndex<12>      |         8.412(R)|      SLOW  |         3.346(R)|      FAST  |clk_i_BUFGP       |   0.000|
wIndex<13>      |         8.412(R)|      SLOW  |         3.346(R)|      FAST  |clk_i_BUFGP       |   0.000|
wIndex<14>      |         8.660(R)|      SLOW  |         3.481(R)|      FAST  |clk_i_BUFGP       |   0.000|
wIndex<15>      |         8.595(R)|      SLOW  |         3.443(R)|      FAST  |clk_i_BUFGP       |   0.000|
wValue<0>       |         9.674(R)|      SLOW  |         4.063(R)|      FAST  |clk_i_BUFGP       |   0.000|
wValue<1>       |         9.747(R)|      SLOW  |         4.115(R)|      FAST  |clk_i_BUFGP       |   0.000|
wValue<2>       |         9.717(R)|      SLOW  |         4.091(R)|      FAST  |clk_i_BUFGP       |   0.000|
wValue<3>       |         9.931(R)|      SLOW  |         4.219(R)|      FAST  |clk_i_BUFGP       |   0.000|
wValue<4>       |         9.674(R)|      SLOW  |         4.070(R)|      FAST  |clk_i_BUFGP       |   0.000|
wValue<5>       |         9.707(R)|      SLOW  |         4.103(R)|      FAST  |clk_i_BUFGP       |   0.000|
wValue<6>       |         9.456(R)|      SLOW  |         3.938(R)|      FAST  |clk_i_BUFGP       |   0.000|
wValue<7>       |        10.351(R)|      SLOW  |         4.423(R)|      FAST  |clk_i_BUFGP       |   0.000|
wValue<8>       |        11.395(R)|      SLOW  |         4.988(R)|      FAST  |clk_i_BUFGP       |   0.000|
wValue<9>       |        11.394(R)|      SLOW  |         4.990(R)|      FAST  |clk_i_BUFGP       |   0.000|
wValue<10>      |        11.641(R)|      SLOW  |         5.129(R)|      FAST  |clk_i_BUFGP       |   0.000|
wValue<11>      |        11.653(R)|      SLOW  |         5.158(R)|      FAST  |clk_i_BUFGP       |   0.000|
wValue<12>      |        10.410(R)|      SLOW  |         4.428(R)|      FAST  |clk_i_BUFGP       |   0.000|
wValue<13>      |        10.481(R)|      SLOW  |         4.480(R)|      FAST  |clk_i_BUFGP       |   0.000|
wValue<14>      |        11.000(R)|      SLOW  |         4.732(R)|      FAST  |clk_i_BUFGP       |   0.000|
wValue<15>      |        10.463(R)|      SLOW  |         4.469(R)|      FAST  |clk_i_BUFGP       |   0.000|
----------------+-----------------+------------+-----------------+------------+------------------+--------+

Clock to Setup on destination clock clk_i
---------------+---------+---------+---------+---------+
               | Src:Rise| Src:Fall| Src:Rise| Src:Fall|
Source Clock   |Dest:Rise|Dest:Rise|Dest:Fall|Dest:Fall|
---------------+---------+---------+---------+---------+
clk_i          |    8.107|         |         |         |
---------------+---------+---------+---------+---------+

Pad to Pad
---------------+---------------+---------+
Source Pad     |Destination Pad|  Delay  |
---------------+---------------+---------+
loop           |ep2_stat<0>    |   13.769|
loop           |ep2_stat<1>    |   13.916|
loop           |ep2_stat<2>    |   15.072|
loop           |ep2_stat<3>    |   13.629|
loop           |ep4_stat<0>    |   16.227|
loop           |ep4_stat<1>    |   15.941|
loop           |ep4_stat<2>    |   15.573|
loop           |ep4_stat<3>    |   15.191|
---------------+---------------+---------+


Analysis completed Mon Dec 18 14:03:36 2017 
--------------------------------------------------------------------------------

Trace Settings:
-------------------------
Trace Settings 

Peak Memory Usage: 235 MB



