Release 14.7 - xst P.20131013 (lin64)
Copyright (c) 1995-2013 Xilinx, Inc.  All rights reserved.
--> 
Parameter TMPDIR set to xst/projnav.tmp


Total REAL time to Xst completion: 0.00 secs
Total CPU time to Xst completion: 0.07 secs
 
--> 
Parameter xsthdpdir set to xst


Total REAL time to Xst completion: 0.00 secs
Total CPU time to Xst completion: 0.08 secs
 
--> 
Reading design: counter.prj

TABLE OF CONTENTS
  1) Synthesis Options Summary
  2) HDL Parsing
  3) HDL Elaboration
  4) HDL Synthesis
       4.1) HDL Synthesis Report
  5) Advanced HDL Synthesis
       5.1) Advanced HDL Synthesis Report
  6) Low Level Synthesis
  7) Partition Report
  8) Design Summary
       8.1) Primitive and Black Box Usage
       8.2) Device utilization summary
       8.3) Partition Resource Summary
       8.4) Timing Report
            8.4.1) Clock Information
            8.4.2) Asynchronous Control Signals Information
            8.4.3) Timing Summary
            8.4.4) Timing Details
            8.4.5) Cross Clock Domains Report


=========================================================================
*                      Synthesis Options Summary                        *
=========================================================================
---- Source Parameters
Input File Name                    : "counter.prj"
Ignore Synthesis Constraint File   : NO

---- Target Parameters
Output File Name                   : "counter"
Output Format                      : NGC
Target Device                      : xc6slx16-2-csg324

---- Source Options
Top Module Name                    : counter
Automatic FSM Extraction           : YES
FSM Encoding Algorithm             : Auto
Safe Implementation                : No
FSM Style                          : LUT
RAM Extraction                     : Yes
RAM Style                          : Auto
ROM Extraction                     : Yes
Shift Register Extraction          : YES
ROM Style                          : Auto
Resource Sharing                   : YES
Asynchronous To Synchronous        : NO
Shift Register Minimum Size        : 2
Use DSP Block                      : Auto
Automatic Register Balancing       : No

---- Target Options
LUT Combining                      : Auto
Reduce Control Sets                : Auto
Add IO Buffers                     : YES
Global Maximum Fanout              : 100000
Add Generic Clock Buffer(BUFG)     : 16
Register Duplication               : YES
Optimize Instantiated Primitives   : NO
Use Clock Enable                   : Auto
Use Synchronous Set                : Auto
Use Synchronous Reset              : Auto
Pack IO Registers into IOBs        : Auto
Equivalent register Removal        : YES

---- General Options
Optimization Goal                  : Speed
Optimization Effort                : 1
Power Reduction                    : NO
Keep Hierarchy                     : No
Netlist Hierarchy                  : As_Optimized
RTL Output                         : Yes
Global Optimization                : AllClockNets
Read Cores                         : YES
Write Timing Constraints           : NO
Cross Clock Analysis               : NO
Hierarchy Separator                : /
Bus Delimiter                      : <>
Case Specifier                     : Maintain
Slice Utilization Ratio            : 100
BRAM Utilization Ratio             : 100
DSP48 Utilization Ratio            : 100
Auto BRAM Packing                  : NO
Slice Utilization Ratio Delta      : 5

=========================================================================


=========================================================================
*                          HDL Parsing                                  *
=========================================================================
Analyzing Verilog file "/media/sf_Red/Xilinx/14.7/ISE_DS/project0/counter.v" into library work
Parsing module <counter>.
WARNING:HDLCompiler:751 - "/media/sf_Red/Xilinx/14.7/ISE_DS/project0/counter.v" Line 26: Redeclaration of ansi port Led is not allowed

=========================================================================
*                            HDL Elaboration                            *
=========================================================================

Elaborating module <counter>.

=========================================================================
*                           HDL Synthesis                               *
=========================================================================

Synthesizing Unit <counter>.
    Related source file is "/media/sf_Red/Xilinx/14.7/ISE_DS/project0/counter.v".
    Found 4-bit register for signal <Led>.
    Found 32-bit register for signal <count_int>.
    Found 32-bit subtractor for signal <count_int[31]_GND_1_o_sub_3_OUT> created at line 32.
    Found 32-bit adder for signal <count_int[31]_GND_1_o_add_1_OUT> created at line 30.
    Summary:
	inferred   1 Adder/Subtractor(s).
	inferred  36 D-type flip-flop(s).
Unit <counter> synthesized.

=========================================================================
HDL Synthesis Report

Macro Statistics
# Adders/Subtractors                                   : 1
 32-bit addsub                                         : 1
# Registers                                            : 2
 32-bit register                                       : 1
 4-bit register                                        : 1

=========================================================================

=========================================================================
*                       Advanced HDL Synthesis                          *
=========================================================================


Synthesizing (advanced) Unit <counter>.
The following registers are absorbed into counter <count_int>: 1 register on signal <count_int>.
Unit <counter> synthesized (advanced).

=========================================================================
Advanced HDL Synthesis Report

Macro Statistics
# Counters                                             : 1
 32-bit updown counter                                 : 1
# Registers                                            : 4
 Flip-Flops                                            : 4

=========================================================================

=========================================================================
*                         Low Level Synthesis                           *
=========================================================================

Optimizing unit <counter> ...

Mapping all equations...
Building and optimizing final netlist ...
Found area constraint ratio of 100 (+ 5) on block counter, actual ratio is 0.

Final Macro Processing ...

=========================================================================
Final Register Report

Macro Statistics
# Registers                                            : 36
 Flip-Flops                                            : 36

=========================================================================

=========================================================================
*                           Partition Report                            *
=========================================================================

Partition Implementation Status
-------------------------------

  No Partitions were found in this design.

-------------------------------

=========================================================================
*                            Design Summary                             *
=========================================================================

Top Level Output File Name         : counter.ngc

Primitive and Black Box Usage:
------------------------------
# BELS                             : 96
#      INV                         : 1
#      LUT2                        : 32
#      MUXCY                       : 31
#      XORCY                       : 32
# FlipFlops/Latches                : 36
#      FD                          : 36
# Clock Buffers                    : 1
#      BUFGP                       : 1
# IO Buffers                       : 5
#      IBUF                        : 1
#      OBUF                        : 4

Device utilization summary:
---------------------------

Selected Device : 6slx16csg324-2 


Slice Logic Utilization: 
 Number of Slice Registers:              36  out of  18224     0%  
 Number of Slice LUTs:                   33  out of   9112     0%  
    Number used as Logic:                33  out of   9112     0%  

Slice Logic Distribution: 
 Number of LUT Flip Flop pairs used:     37
   Number with an unused Flip Flop:       1  out of     37     2%  
   Number with an unused LUT:             4  out of     37    10%  
   Number of fully used LUT-FF pairs:    32  out of     37    86%  
   Number of unique control sets:         1

IO Utilization: 
 Number of IOs:                           6
 Number of bonded IOBs:                   6  out of    232     2%  

Specific Feature Utilization:
 Number of BUFG/BUFGCTRLs:                1  out of     16     6%  

---------------------------
Partition Resource Summary:
---------------------------

  No Partitions were found in this design.

---------------------------


=========================================================================
Timing Report

NOTE: THESE TIMING NUMBERS ARE ONLY A SYNTHESIS ESTIMATE.
      FOR ACCURATE TIMING INFORMATION PLEASE REFER TO THE TRACE REPORT
      GENERATED AFTER PLACE-and-ROUTE.

Clock Information:
------------------
-----------------------------------+------------------------+-------+
Clock Signal                       | Clock buffer(FF name)  | Load  |
-----------------------------------+------------------------+-------+
clk                                | BUFGP                  | 36    |
-----------------------------------+------------------------+-------+

Asynchronous Control Signals Information:
----------------------------------------
No asynchronous control signals found in this design

Timing Summary:
---------------
Speed Grade: -2

   Minimum period: 2.654ns (Maximum Frequency: 376.861MHz)
   Minimum input arrival time before clock: 4.801ns
   Maximum output required time after clock: 4.118ns
   Maximum combinational path delay: No path found

Timing Details:
---------------
All values displayed in nanoseconds (ns)

=========================================================================
Timing constraint: Default period analysis for Clock 'clk'
  Clock period: 2.654ns (frequency: 376.861MHz)
  Total number of paths / destination ports: 1028 / 36
-------------------------------------------------------------------------
Delay:               2.654ns (Levels of Logic = 33)
  Source:            count_int_0 (FF)
  Destination:       count_int_31 (FF)
  Source Clock:      clk rising
  Destination Clock: clk rising

  Data Path: count_int_0 to count_int_31
                                Gate     Net
    Cell:in->out      fanout   Delay   Delay  Logical Name (Net Name)
    ----------------------------------------  ------------
     FD:C->Q               1   0.525   0.682  count_int_0 (count_int_0)
     LUT2:I1->O            1   0.254   0.000  Mcount_count_int_lut<0> (Mcount_count_int_lut<0>)
     MUXCY:S->O            1   0.215   0.000  Mcount_count_int_cy<0> (Mcount_count_int_cy<0>)
     MUXCY:CI->O           1   0.023   0.000  Mcount_count_int_cy<1> (Mcount_count_int_cy<1>)
     MUXCY:CI->O           1   0.023   0.000  Mcount_count_int_cy<2> (Mcount_count_int_cy<2>)
     MUXCY:CI->O           1   0.023   0.000  Mcount_count_int_cy<3> (Mcount_count_int_cy<3>)
     MUXCY:CI->O           1   0.023   0.000  Mcount_count_int_cy<4> (Mcount_count_int_cy<4>)
     MUXCY:CI->O           1   0.023   0.000  Mcount_count_int_cy<5> (Mcount_count_int_cy<5>)
     MUXCY:CI->O           1   0.023   0.000  Mcount_count_int_cy<6> (Mcount_count_int_cy<6>)
     MUXCY:CI->O           1   0.023   0.000  Mcount_count_int_cy<7> (Mcount_count_int_cy<7>)
     MUXCY:CI->O           1   0.023   0.000  Mcount_count_int_cy<8> (Mcount_count_int_cy<8>)
     MUXCY:CI->O           1   0.023   0.000  Mcount_count_int_cy<9> (Mcount_count_int_cy<9>)
     MUXCY:CI->O           1   0.023   0.000  Mcount_count_int_cy<10> (Mcount_count_int_cy<10>)
     MUXCY:CI->O           1   0.023   0.000  Mcount_count_int_cy<11> (Mcount_count_int_cy<11>)
     MUXCY:CI->O           1   0.023   0.000  Mcount_count_int_cy<12> (Mcount_count_int_cy<12>)
     MUXCY:CI->O           1   0.023   0.000  Mcount_count_int_cy<13> (Mcount_count_int_cy<13>)
     MUXCY:CI->O           1   0.023   0.000  Mcount_count_int_cy<14> (Mcount_count_int_cy<14>)
     MUXCY:CI->O           1   0.023   0.000  Mcount_count_int_cy<15> (Mcount_count_int_cy<15>)
     MUXCY:CI->O           1   0.023   0.000  Mcount_count_int_cy<16> (Mcount_count_int_cy<16>)
     MUXCY:CI->O           1   0.023   0.000  Mcount_count_int_cy<17> (Mcount_count_int_cy<17>)
     MUXCY:CI->O           1   0.023   0.000  Mcount_count_int_cy<18> (Mcount_count_int_cy<18>)
     MUXCY:CI->O           1   0.023   0.000  Mcount_count_int_cy<19> (Mcount_count_int_cy<19>)
     MUXCY:CI->O           1   0.023   0.000  Mcount_count_int_cy<20> (Mcount_count_int_cy<20>)
     MUXCY:CI->O           1   0.023   0.000  Mcount_count_int_cy<21> (Mcount_count_int_cy<21>)
     MUXCY:CI->O           1   0.023   0.000  Mcount_count_int_cy<22> (Mcount_count_int_cy<22>)
     MUXCY:CI->O           1   0.023   0.000  Mcount_count_int_cy<23> (Mcount_count_int_cy<23>)
     MUXCY:CI->O           1   0.023   0.000  Mcount_count_int_cy<24> (Mcount_count_int_cy<24>)
     MUXCY:CI->O           1   0.023   0.000  Mcount_count_int_cy<25> (Mcount_count_int_cy<25>)
     MUXCY:CI->O           1   0.023   0.000  Mcount_count_int_cy<26> (Mcount_count_int_cy<26>)
     MUXCY:CI->O           1   0.023   0.000  Mcount_count_int_cy<27> (Mcount_count_int_cy<27>)
     MUXCY:CI->O           1   0.023   0.000  Mcount_count_int_cy<28> (Mcount_count_int_cy<28>)
     MUXCY:CI->O           1   0.023   0.000  Mcount_count_int_cy<29> (Mcount_count_int_cy<29>)
     MUXCY:CI->O           0   0.023   0.000  Mcount_count_int_cy<30> (Mcount_count_int_cy<30>)
     XORCY:CI->O           1   0.206   0.000  Mcount_count_int_xor<31> (Result<31>)
     FD:D                      0.074          count_int_31
    ----------------------------------------
    Total                      2.654ns (1.972ns logic, 0.682ns route)
                                       (74.3% logic, 25.7% route)

=========================================================================
Timing constraint: Default OFFSET IN BEFORE for Clock 'clk'
  Total number of paths / destination ports: 560 / 32
-------------------------------------------------------------------------
Offset:              4.801ns (Levels of Logic = 34)
  Source:            BTND (PAD)
  Destination:       count_int_31 (FF)
  Destination Clock: clk rising

  Data Path: BTND to count_int_31
                                Gate     Net
    Cell:in->out      fanout   Delay   Delay  Logical Name (Net Name)
    ----------------------------------------  ------------
     IBUF:I->O            33   1.328   1.536  BTND_IBUF (BTND_IBUF)
     INV:I->O              1   0.255   0.681  BTND_inv2_INV_0 (BTND_inv)
     MUXCY:CI->O           1   0.023   0.000  Mcount_count_int_cy<0> (Mcount_count_int_cy<0>)
     MUXCY:CI->O           1   0.023   0.000  Mcount_count_int_cy<1> (Mcount_count_int_cy<1>)
     MUXCY:CI->O           1   0.023   0.000  Mcount_count_int_cy<2> (Mcount_count_int_cy<2>)
     MUXCY:CI->O           1   0.023   0.000  Mcount_count_int_cy<3> (Mcount_count_int_cy<3>)
     MUXCY:CI->O           1   0.023   0.000  Mcount_count_int_cy<4> (Mcount_count_int_cy<4>)
     MUXCY:CI->O           1   0.023   0.000  Mcount_count_int_cy<5> (Mcount_count_int_cy<5>)
     MUXCY:CI->O           1   0.023   0.000  Mcount_count_int_cy<6> (Mcount_count_int_cy<6>)
     MUXCY:CI->O           1   0.023   0.000  Mcount_count_int_cy<7> (Mcount_count_int_cy<7>)
     MUXCY:CI->O           1   0.023   0.000  Mcount_count_int_cy<8> (Mcount_count_int_cy<8>)
     MUXCY:CI->O           1   0.023   0.000  Mcount_count_int_cy<9> (Mcount_count_int_cy<9>)
     MUXCY:CI->O           1   0.023   0.000  Mcount_count_int_cy<10> (Mcount_count_int_cy<10>)
     MUXCY:CI->O           1   0.023   0.000  Mcount_count_int_cy<11> (Mcount_count_int_cy<11>)
     MUXCY:CI->O           1   0.023   0.000  Mcount_count_int_cy<12> (Mcount_count_int_cy<12>)
     MUXCY:CI->O           1   0.023   0.000  Mcount_count_int_cy<13> (Mcount_count_int_cy<13>)
     MUXCY:CI->O           1   0.023   0.000  Mcount_count_int_cy<14> (Mcount_count_int_cy<14>)
     MUXCY:CI->O           1   0.023   0.000  Mcount_count_int_cy<15> (Mcount_count_int_cy<15>)
     MUXCY:CI->O           1   0.023   0.000  Mcount_count_int_cy<16> (Mcount_count_int_cy<16>)
     MUXCY:CI->O           1   0.023   0.000  Mcount_count_int_cy<17> (Mcount_count_int_cy<17>)
     MUXCY:CI->O           1   0.023   0.000  Mcount_count_int_cy<18> (Mcount_count_int_cy<18>)
     MUXCY:CI->O           1   0.023   0.000  Mcount_count_int_cy<19> (Mcount_count_int_cy<19>)
     MUXCY:CI->O           1   0.023   0.000  Mcount_count_int_cy<20> (Mcount_count_int_cy<20>)
     MUXCY:CI->O           1   0.023   0.000  Mcount_count_int_cy<21> (Mcount_count_int_cy<21>)
     MUXCY:CI->O           1   0.023   0.000  Mcount_count_int_cy<22> (Mcount_count_int_cy<22>)
     MUXCY:CI->O           1   0.023   0.000  Mcount_count_int_cy<23> (Mcount_count_int_cy<23>)
     MUXCY:CI->O           1   0.023   0.000  Mcount_count_int_cy<24> (Mcount_count_int_cy<24>)
     MUXCY:CI->O           1   0.023   0.000  Mcount_count_int_cy<25> (Mcount_count_int_cy<25>)
     MUXCY:CI->O           1   0.023   0.000  Mcount_count_int_cy<26> (Mcount_count_int_cy<26>)
     MUXCY:CI->O           1   0.023   0.000  Mcount_count_int_cy<27> (Mcount_count_int_cy<27>)
     MUXCY:CI->O           1   0.023   0.000  Mcount_count_int_cy<28> (Mcount_count_int_cy<28>)
     MUXCY:CI->O           1   0.023   0.000  Mcount_count_int_cy<29> (Mcount_count_int_cy<29>)
     MUXCY:CI->O           0   0.023   0.000  Mcount_count_int_cy<30> (Mcount_count_int_cy<30>)
     XORCY:CI->O           1   0.206   0.000  Mcount_count_int_xor<31> (Result<31>)
     FD:D                      0.074          count_int_31
    ----------------------------------------
    Total                      4.801ns (2.584ns logic, 2.217ns route)
                                       (53.8% logic, 46.2% route)

=========================================================================
Timing constraint: Default OFFSET OUT AFTER for Clock 'clk'
  Total number of paths / destination ports: 4 / 4
-------------------------------------------------------------------------
Offset:              4.118ns (Levels of Logic = 1)
  Source:            Led_3 (FF)
  Destination:       Led<3> (PAD)
  Source Clock:      clk rising

  Data Path: Led_3 to Led<3>
                                Gate     Net
    Cell:in->out      fanout   Delay   Delay  Logical Name (Net Name)
    ----------------------------------------  ------------
     FD:C->Q               1   0.525   0.681  Led_3 (Led_3)
     OBUF:I->O                 2.912          Led_3_OBUF (Led<3>)
    ----------------------------------------
    Total                      4.118ns (3.437ns logic, 0.681ns route)
                                       (83.5% logic, 16.5% route)

=========================================================================

Cross Clock Domains Report:
--------------------------

Clock to Setup on destination clock clk
---------------+---------+---------+---------+---------+
               | Src:Rise| Src:Fall| Src:Rise| Src:Fall|
Source Clock   |Dest:Rise|Dest:Rise|Dest:Fall|Dest:Fall|
---------------+---------+---------+---------+---------+
clk            |    2.654|         |         |         |
---------------+---------+---------+---------+---------+

=========================================================================


Total REAL time to Xst completion: 10.00 secs
Total CPU time to Xst completion: 4.41 secs
 
--> 


Total memory usage is 481516 kilobytes

Number of errors   :    0 (   0 filtered)
Number of warnings :    1 (   0 filtered)
Number of infos    :    0 (   0 filtered)

